0 info it worked if it ends with ok
1 verbose cli [ '/usr/local/bin/node',
1 verbose cli   '/usr/local/bin/npm',
1 verbose cli   'install',
1 verbose cli   '--global',
1 verbose cli   'serverless' ]
2 info using npm@3.10.8
3 info using node@v6.9.1
4 silly loadCurrentTree Starting
5 silly install loadCurrentTree
6 silly install readGlobalPackageData
7 silly fetchPackageMetaData serverless
8 silly fetchNamedPackageData serverless
9 silly mapToRegistry name serverless
10 silly mapToRegistry using default registry
11 silly mapToRegistry registry https://npm.homeawaycorp.com/artifactory/api/npm/npm
12 silly mapToRegistry data Result {
12 silly mapToRegistry   raw: 'serverless',
12 silly mapToRegistry   scope: null,
12 silly mapToRegistry   escapedName: 'serverless',
12 silly mapToRegistry   name: 'serverless',
12 silly mapToRegistry   rawSpec: '',
12 silly mapToRegistry   spec: 'latest',
12 silly mapToRegistry   type: 'tag' }
13 silly mapToRegistry uri https://npm.homeawaycorp.com/artifactory/api/npm/npm/serverless
14 verbose request uri https://npm.homeawaycorp.com/artifactory/api/npm/npm/serverless
15 verbose request always-auth set; sending authorization
16 info attempt registry request try #1 at 6:36:12 PM
17 verbose request id c69cf4863380a0b4
18 http request GET https://npm.homeawaycorp.com/artifactory/api/npm/npm/serverless
19 http 401 https://npm.homeawaycorp.com/artifactory/api/npm/npm/serverless
20 verbose headers { server: 'nginx/1.10.3 (Ubuntu)',
20 verbose headers   date: 'Tue, 21 Jan 2020 01:36:14 GMT',
20 verbose headers   'content-type': 'application/json;charset=ISO-8859-1',
20 verbose headers   'content-length': '80',
20 verbose headers   connection: 'keep-alive',
20 verbose headers   'x-artifactory-id': '86161c04b4e0e1503924c02590b7df0fb4dbb74b',
20 verbose headers   'x-artifactory-node-id': 'art2',
20 verbose headers   'www-authenticate': 'Basic realm="Artifactory Realm"' }
21 silly get cb [ 401,
21 silly get   { server: 'nginx/1.10.3 (Ubuntu)',
21 silly get     date: 'Tue, 21 Jan 2020 01:36:14 GMT',
21 silly get     'content-type': 'application/json;charset=ISO-8859-1',
21 silly get     'content-length': '80',
21 silly get     connection: 'keep-alive',
21 silly get     'x-artifactory-id': '86161c04b4e0e1503924c02590b7df0fb4dbb74b',
21 silly get     'x-artifactory-node-id': 'art2',
21 silly get     'www-authenticate': 'Basic realm="Artifactory Realm"' } ]
22 silly fetchPackageMetaData Error: Registry returned 401 for GET on https://npm.homeawaycorp.com/artifactory/api/npm/npm/serverless
22 silly fetchPackageMetaData     at makeError (/usr/local/lib/node_modules/npm/node_modules/npm-registry-client/lib/request.js:302:12)
22 silly fetchPackageMetaData     at CachingRegistryClient.<anonymous> (/usr/local/lib/node_modules/npm/node_modules/npm-registry-client/lib/request.js:280:14)
22 silly fetchPackageMetaData     at Request._callback (/usr/local/lib/node_modules/npm/node_modules/npm-registry-client/lib/request.js:210:14)
22 silly fetchPackageMetaData     at Request.self.callback (/usr/local/lib/node_modules/npm/node_modules/request/request.js:187:22)
22 silly fetchPackageMetaData     at emitTwo (events.js:106:13)
22 silly fetchPackageMetaData     at Request.emit (events.js:191:7)
22 silly fetchPackageMetaData     at Request.<anonymous> (/usr/local/lib/node_modules/npm/node_modules/request/request.js:1044:10)
22 silly fetchPackageMetaData     at emitOne (events.js:96:13)
22 silly fetchPackageMetaData     at Request.emit (events.js:188:7)
22 silly fetchPackageMetaData     at IncomingMessage.<anonymous> (/usr/local/lib/node_modules/npm/node_modules/request/request.js:965:12)
22 silly fetchPackageMetaData  error for serverless { Error: Registry returned 401 for GET on https://npm.homeawaycorp.com/artifactory/api/npm/npm/serverless
22 silly fetchPackageMetaData     at makeError (/usr/local/lib/node_modules/npm/node_modules/npm-registry-client/lib/request.js:302:12)
22 silly fetchPackageMetaData     at CachingRegistryClient.<anonymous> (/usr/local/lib/node_modules/npm/node_modules/npm-registry-client/lib/request.js:280:14)
22 silly fetchPackageMetaData     at Request._callback (/usr/local/lib/node_modules/npm/node_modules/npm-registry-client/lib/request.js:210:14)
22 silly fetchPackageMetaData     at Request.self.callback (/usr/local/lib/node_modules/npm/node_modules/request/request.js:187:22)
22 silly fetchPackageMetaData     at emitTwo (events.js:106:13)
22 silly fetchPackageMetaData     at Request.emit (events.js:191:7)
22 silly fetchPackageMetaData     at Request.<anonymous> (/usr/local/lib/node_modules/npm/node_modules/request/request.js:1044:10)
22 silly fetchPackageMetaData     at emitOne (events.js:96:13)
22 silly fetchPackageMetaData     at Request.emit (events.js:188:7)
22 silly fetchPackageMetaData     at IncomingMessage.<anonymous> (/usr/local/lib/node_modules/npm/node_modules/request/request.js:965:12) pkgid: 'artifactory', statusCode: 401, code: 'E401' }
23 silly rollbackFailedOptional Starting
24 silly rollbackFailedOptional Finishing
25 silly runTopLevelLifecycles Finishing
26 silly install printInstalled
27 verbose stack Error: Registry returned 401 for GET on https://npm.homeawaycorp.com/artifactory/api/npm/npm/serverless
27 verbose stack     at makeError (/usr/local/lib/node_modules/npm/node_modules/npm-registry-client/lib/request.js:302:12)
27 verbose stack     at CachingRegistryClient.<anonymous> (/usr/local/lib/node_modules/npm/node_modules/npm-registry-client/lib/request.js:280:14)
27 verbose stack     at Request._callback (/usr/local/lib/node_modules/npm/node_modules/npm-registry-client/lib/request.js:210:14)
27 verbose stack     at Request.self.callback (/usr/local/lib/node_modules/npm/node_modules/request/request.js:187:22)
27 verbose stack     at emitTwo (events.js:106:13)
27 verbose stack     at Request.emit (events.js:191:7)
27 verbose stack     at Request.<anonymous> (/usr/local/lib/node_modules/npm/node_modules/request/request.js:1044:10)
27 verbose stack     at emitOne (events.js:96:13)
27 verbose stack     at Request.emit (events.js:188:7)
27 verbose stack     at IncomingMessage.<anonymous> (/usr/local/lib/node_modules/npm/node_modules/request/request.js:965:12)
28 verbose statusCode 401
29 verbose pkgid artifactory
30 verbose cwd /Users/mmena/koitoer/aws
31 error Darwin 16.7.0
32 error argv "/usr/local/bin/node" "/usr/local/bin/npm" "install" "--global" "serverless"
33 error node v6.9.1
34 error npm  v3.10.8
35 error code E401
36 error Registry returned 401 for GET on https://npm.homeawaycorp.com/artifactory/api/npm/npm/serverless
37 error If you need help, you may report this error at:
37 error     <https://github.com/npm/npm/issues>
38 verbose exit [ 1, true ]
